Package manager
===============

1) How to install docker
2) How to install git

To install docker I need to run around 5-6 commands

To install any software which is supported by package manager
apt install <packageName>

To install any software which is supported by package manager
apt remove <packageName>

GIT
====
To install git > apt install git
To uninstall git > apt remove git
to check version> git --version


Docker
=====
To install docker > apt install docker.io
To uninstall docker > apt remove docker.io
to check version> docker --version

Redhat > yum
Fedora > dnf

ubuntu $ java --version

Command 'java' not found, but can be installed with:

apt install openjdk-11-jre-headless  # version 11.0.24+8-1ubuntu3~20.04, or
apt install default-jre              # version 2:1.11-72
apt install openjdk-16-jre-headless  # version 16.0.1+9-1~20.04
apt install openjdk-17-jre-headless  # version 17.0.12+7-1ubuntu2~20.04
apt install openjdk-21-jre-headless  # version 21.0.4+7-1ubuntu2~20.04
apt install openjdk-8-jre-headless   # version 8u422-b05-1~20.04
apt install openjdk-13-jre-headless  # version 13.0.7+5-0ubuntu1~20.04


MySQL> 1.2.3 >> 1.2.4
CRUD> 

1 > 2 > 3 > 4  [Forward installation]
1 > 2 > 3 > 1  [Backward installation]


You want to install java11
Java --version
21
apt remove java21
apt install java11
